{"/Users/judithrosenbluth/Downloads/git/users-jwt-api/src/controllers/usersController.js": {"path":"/Users/judithrosenbluth/Downloads/git/users-jwt-api/src/controllers/usersController.js","statementMap":{"0":{"start":{"line":5,"column":15},"end":{"line":5,"column":33}},"1":{"start":{"line":6,"column":19},"end":{"line":6,"column":62}},"2":{"start":{"line":7,"column":20},"end":{"line":7,"column":22}},"3":{"start":{"line":11,"column":42},"end":{"line":11,"column":54}},"4":{"start":{"line":12,"column":8},"end":{"line":20,"column":9}},"5":{"start":{"line":13,"column":35},"end":{"line":13,"column":75}},"6":{"start":{"line":14,"column":25},"end":{"line":16,"column":14}},"7":{"start":{"line":17,"column":12},"end":{"line":17,"column":46}},"8":{"start":{"line":19,"column":12},"end":{"line":19,"column":66}},"9":{"start":{"line":24,"column":36},"end":{"line":24,"column":48}},"10":{"start":{"line":26,"column":21},"end":{"line":26,"column":71}},"11":{"start":{"line":27,"column":8},"end":{"line":29,"column":9}},"12":{"start":{"line":28,"column":12},"end":{"line":28,"column":74}},"13":{"start":{"line":30,"column":30},"end":{"line":30,"column":75}},"14":{"start":{"line":31,"column":8},"end":{"line":33,"column":9}},"15":{"start":{"line":32,"column":12},"end":{"line":32,"column":74}},"16":{"start":{"line":35,"column":22},"end":{"line":35,"column":103}},"17":{"start":{"line":36,"column":8},"end":{"line":36,"column":54}},"18":{"start":{"line":41,"column":27},"end":{"line":41,"column":56}},"19":{"start":{"line":42,"column":8},"end":{"line":44,"column":9}},"20":{"start":{"line":43,"column":12},"end":{"line":43,"column":67}},"21":{"start":{"line":45,"column":22},"end":{"line":45,"column":46}},"22":{"start":{"line":46,"column":8},"end":{"line":50,"column":9}},"23":{"start":{"line":47,"column":12},"end":{"line":47,"column":42}},"24":{"start":{"line":49,"column":12},"end":{"line":49,"column":68}},"25":{"start":{"line":51,"column":22},"end":{"line":51,"column":50}},"26":{"start":{"line":52,"column":8},"end":{"line":52,"column":21}}},"fnMap":{"0":{"name":"(anonymous_0)","decl":{"start":{"line":10,"column":4},"end":{"line":10,"column":5}},"loc":{"start":{"line":10,"column":39},"end":{"line":21,"column":5}},"line":10},"1":{"name":"(anonymous_1)","decl":{"start":{"line":23,"column":4},"end":{"line":23,"column":5}},"loc":{"start":{"line":23,"column":36},"end":{"line":37,"column":5}},"line":23},"2":{"name":"(anonymous_2)","decl":{"start":{"line":39,"column":4},"end":{"line":39,"column":5}},"loc":{"start":{"line":39,"column":35},"end":{"line":53,"column":5}},"line":39}},"branchMap":{"0":{"loc":{"start":{"line":6,"column":19},"end":{"line":6,"column":62}},"type":"binary-expr","locations":[{"start":{"line":6,"column":19},"end":{"line":6,"column":41}},{"start":{"line":6,"column":45},"end":{"line":6,"column":62}}],"line":6},"1":{"loc":{"start":{"line":27,"column":8},"end":{"line":29,"column":9}},"type":"if","locations":[{"start":{"line":27,"column":8},"end":{"line":29,"column":9}},{"start":{},"end":{}}],"line":27},"2":{"loc":{"start":{"line":31,"column":8},"end":{"line":33,"column":9}},"type":"if","locations":[{"start":{"line":31,"column":8},"end":{"line":33,"column":9}},{"start":{},"end":{}}],"line":31},"3":{"loc":{"start":{"line":42,"column":8},"end":{"line":44,"column":9}},"type":"if","locations":[{"start":{"line":42,"column":8},"end":{"line":44,"column":9}},{"start":{},"end":{}}],"line":42},"4":{"loc":{"start":{"line":42,"column":12},"end":{"line":42,"column":60}},"type":"binary-expr","locations":[{"start":{"line":42,"column":12},"end":{"line":42,"column":23}},{"start":{"line":42,"column":27},"end":{"line":42,"column":60}}],"line":42}},"s":{"0":1,"1":1,"2":1,"3":1,"4":1,"5":1,"6":1,"7":1,"8":0,"9":3,"10":3,"11":3,"12":0,"13":3,"14":3,"15":1,"16":2,"17":2,"18":2,"19":2,"20":1,"21":1,"22":1,"23":1,"24":0,"25":1,"26":1},"f":{"0":1,"1":3,"2":2},"b":{"0":[1,0],"1":[0,3],"2":[1,2],"3":[1,1],"4":[2,1]},"_coverageSchema":"1a1c01bbd47fc00a2c39e90264f33305004495a9","hash":"dc46dd12f57f6520772aaa72ce09fad23a6e54c2"}
,"/Users/judithrosenbluth/Downloads/git/users-jwt-api/src/routes/users.js": {"path":"/Users/judithrosenbluth/Downloads/git/users-jwt-api/src/routes/users.js","statementMap":{"0":{"start":{"line":3,"column":24},"end":{"line":3,"column":45}},"1":{"start":{"line":6,"column":2},"end":{"line":6,"column":72}},"2":{"start":{"line":7,"column":2},"end":{"line":7,"column":80}},"3":{"start":{"line":8,"column":2},"end":{"line":8,"column":74}}},"fnMap":{"0":{"name":"usersRoute","decl":{"start":{"line":5,"column":15},"end":{"line":5,"column":25}},"loc":{"start":{"line":5,"column":44},"end":{"line":9,"column":1}},"line":5}},"branchMap":{},"s":{"0":1,"1":1,"2":1,"3":1},"f":{"0":1},"b":{},"_coverageSchema":"1a1c01bbd47fc00a2c39e90264f33305004495a9","hash":"298dfdb9d63ec174c3388a2010f8b514f0714877"}
}
