TN:
SF:src/controllers/usersController.js
FN:10,(anonymous_0)
FN:23,(anonymous_1)
FN:39,(anonymous_2)
FNF:3
FNH:3
FNDA:1,(anonymous_0)
FNDA:3,(anonymous_1)
FNDA:2,(anonymous_2)
DA:5,1
DA:6,1
DA:7,1
DA:11,1
DA:12,1
DA:13,1
DA:14,1
DA:17,1
DA:19,0
DA:24,3
DA:26,3
DA:27,3
DA:28,0
DA:30,3
DA:31,3
DA:32,1
DA:35,2
DA:36,2
DA:41,2
DA:42,2
DA:43,1
DA:45,1
DA:46,1
DA:47,1
DA:49,0
DA:51,1
DA:52,1
LF:27
LH:24
BRDA:6,0,0,1
BRDA:6,0,1,0
BRDA:27,1,0,0
BRDA:27,1,1,3
BRDA:31,2,0,1
BRDA:31,2,1,2
BRDA:42,3,0,1
BRDA:42,3,1,1
BRDA:42,4,0,2
BRDA:42,4,1,1
BRF:10
BRH:8
end_of_record
TN:
SF:src/routes/users.js
FN:5,usersRoute
FNF:1
FNH:1
FNDA:1,usersRoute
DA:3,1
DA:6,1
DA:7,1
DA:8,1
LF:4
LH:4
BRF:0
BRH:0
end_of_record
